ARM GAS  /tmp/cc2EK3jV.s 			page 1


   1              		.cpu cortex-m3
   2              		.arch armv7-m
   3              		.fpu softvfp
   4              		.eabi_attribute 20, 1
   5              		.eabi_attribute 21, 1
   6              		.eabi_attribute 23, 3
   7              		.eabi_attribute 24, 1
   8              		.eabi_attribute 25, 1
   9              		.eabi_attribute 26, 1
  10              		.eabi_attribute 30, 1
  11              		.eabi_attribute 34, 1
  12              		.eabi_attribute 18, 4
  13              		.file	"stm32f1xx_hal_msp.c"
  14              		.text
  15              	.Ltext0:
  16              		.cfi_sections	.debug_frame
  17              		.section	.text.HAL_MspInit,"ax",%progbits
  18              		.align	1
  19              		.global	HAL_MspInit
  20              		.syntax unified
  21              		.thumb
  22              		.thumb_func
  24              	HAL_MspInit:
  25              	.LFB65:
  26              		.file 1 "src/stm32f1xx_hal_msp.c"
   1:src/stm32f1xx_hal_msp.c **** #include "main.h"
   2:src/stm32f1xx_hal_msp.c **** 
   3:src/stm32f1xx_hal_msp.c **** 
   4:src/stm32f1xx_hal_msp.c **** void HAL_MspInit(void)
   5:src/stm32f1xx_hal_msp.c **** {
  27              		.loc 1 5 1 view -0
  28              		.cfi_startproc
  29              		@ args = 0, pretend = 0, frame = 8
  30              		@ frame_needed = 0, uses_anonymous_args = 0
  31              		@ link register save eliminated.
  32 0000 82B0     		sub	sp, sp, #8
  33              	.LCFI0:
  34              		.cfi_def_cfa_offset 8
   6:src/stm32f1xx_hal_msp.c ****     __HAL_RCC_AFIO_CLK_ENABLE();
  35              		.loc 1 6 5 view .LVU1
  36              	.LBB2:
  37              		.loc 1 6 5 view .LVU2
  38              		.loc 1 6 5 view .LVU3
  39 0002 0E4B     		ldr	r3, .L3
  40 0004 9A69     		ldr	r2, [r3, #24]
  41 0006 42F00102 		orr	r2, r2, #1
  42 000a 9A61     		str	r2, [r3, #24]
  43              		.loc 1 6 5 view .LVU4
  44 000c 9A69     		ldr	r2, [r3, #24]
  45 000e 02F00102 		and	r2, r2, #1
  46 0012 0092     		str	r2, [sp]
  47              		.loc 1 6 5 view .LVU5
  48 0014 009A     		ldr	r2, [sp]
  49              	.LBE2:
  50              		.loc 1 6 5 view .LVU6
   7:src/stm32f1xx_hal_msp.c ****     __HAL_RCC_PWR_CLK_ENABLE();
  51              		.loc 1 7 5 view .LVU7
ARM GAS  /tmp/cc2EK3jV.s 			page 2


  52              	.LBB3:
  53              		.loc 1 7 5 view .LVU8
  54              		.loc 1 7 5 view .LVU9
  55 0016 DA69     		ldr	r2, [r3, #28]
  56 0018 42F08052 		orr	r2, r2, #268435456
  57 001c DA61     		str	r2, [r3, #28]
  58              		.loc 1 7 5 view .LVU10
  59 001e DB69     		ldr	r3, [r3, #28]
  60 0020 03F08053 		and	r3, r3, #268435456
  61 0024 0193     		str	r3, [sp, #4]
  62              		.loc 1 7 5 view .LVU11
  63 0026 019B     		ldr	r3, [sp, #4]
  64              	.LBE3:
  65              		.loc 1 7 5 view .LVU12
   8:src/stm32f1xx_hal_msp.c ****     __HAL_AFIO_REMAP_SWJ_NOJTAG();
  66              		.loc 1 8 5 view .LVU13
  67              	.LBB4:
  68              		.loc 1 8 5 view .LVU14
  69 0028 054A     		ldr	r2, .L3+4
  70 002a 5368     		ldr	r3, [r2, #4]
  71              	.LVL0:
  72              		.loc 1 8 5 view .LVU15
  73 002c 23F0E063 		bic	r3, r3, #117440512
  74              	.LVL1:
  75              		.loc 1 8 5 view .LVU16
  76 0030 43F00073 		orr	r3, r3, #33554432
  77              	.LVL2:
  78              		.loc 1 8 5 view .LVU17
  79 0034 5360     		str	r3, [r2, #4]
  80              	.LBE4:
  81              		.loc 1 8 5 view .LVU18
   9:src/stm32f1xx_hal_msp.c **** }
  82              		.loc 1 9 1 is_stmt 0 view .LVU19
  83 0036 02B0     		add	sp, sp, #8
  84              	.LCFI1:
  85              		.cfi_def_cfa_offset 0
  86              		@ sp needed
  87 0038 7047     		bx	lr
  88              	.L4:
  89 003a 00BF     		.align	2
  90              	.L3:
  91 003c 00100240 		.word	1073876992
  92 0040 00000140 		.word	1073807360
  93              		.cfi_endproc
  94              	.LFE65:
  96              		.section	.text.HAL_I2C_MspInit,"ax",%progbits
  97              		.align	1
  98              		.global	HAL_I2C_MspInit
  99              		.syntax unified
 100              		.thumb
 101              		.thumb_func
 103              	HAL_I2C_MspInit:
 104              	.LVL3:
 105              	.LFB66:
  10:src/stm32f1xx_hal_msp.c **** 
  11:src/stm32f1xx_hal_msp.c **** void HAL_I2C_MspInit(I2C_HandleTypeDef* hi2c)
  12:src/stm32f1xx_hal_msp.c **** {
ARM GAS  /tmp/cc2EK3jV.s 			page 3


 106              		.loc 1 12 1 is_stmt 1 view -0
 107              		.cfi_startproc
 108              		@ args = 0, pretend = 0, frame = 24
 109              		@ frame_needed = 0, uses_anonymous_args = 0
 110              		.loc 1 12 1 is_stmt 0 view .LVU21
 111 0000 10B5     		push	{r4, lr}
 112              	.LCFI2:
 113              		.cfi_def_cfa_offset 8
 114              		.cfi_offset 4, -8
 115              		.cfi_offset 14, -4
 116 0002 86B0     		sub	sp, sp, #24
 117              	.LCFI3:
 118              		.cfi_def_cfa_offset 32
  13:src/stm32f1xx_hal_msp.c ****     GPIO_InitTypeDef GPIO_InitStruct = {0};
 119              		.loc 1 13 5 is_stmt 1 view .LVU22
 120              		.loc 1 13 22 is_stmt 0 view .LVU23
 121 0004 0023     		movs	r3, #0
 122 0006 0293     		str	r3, [sp, #8]
 123 0008 0393     		str	r3, [sp, #12]
 124 000a 0493     		str	r3, [sp, #16]
 125 000c 0593     		str	r3, [sp, #20]
  14:src/stm32f1xx_hal_msp.c ****     if(hi2c->Instance==I2C1)
 126              		.loc 1 14 5 is_stmt 1 view .LVU24
 127              		.loc 1 14 12 is_stmt 0 view .LVU25
 128 000e 0268     		ldr	r2, [r0]
 129              		.loc 1 14 7 view .LVU26
 130 0010 114B     		ldr	r3, .L9
 131 0012 9A42     		cmp	r2, r3
 132 0014 01D0     		beq	.L8
 133              	.LVL4:
 134              	.L5:
  15:src/stm32f1xx_hal_msp.c ****     {
  16:src/stm32f1xx_hal_msp.c ****         __HAL_RCC_GPIOB_CLK_ENABLE();
  17:src/stm32f1xx_hal_msp.c ****         GPIO_InitStruct.Pin = GPIO_PIN_6|GPIO_PIN_7;
  18:src/stm32f1xx_hal_msp.c ****         GPIO_InitStruct.Mode = GPIO_MODE_AF_OD;
  19:src/stm32f1xx_hal_msp.c ****         GPIO_InitStruct.Speed = GPIO_SPEED_FREQ_HIGH;
  20:src/stm32f1xx_hal_msp.c ****         HAL_GPIO_Init(GPIOB, &GPIO_InitStruct);
  21:src/stm32f1xx_hal_msp.c ****         __HAL_RCC_I2C1_CLK_ENABLE();
  22:src/stm32f1xx_hal_msp.c ****     }
  23:src/stm32f1xx_hal_msp.c **** }
 135              		.loc 1 23 1 view .LVU27
 136 0016 06B0     		add	sp, sp, #24
 137              	.LCFI4:
 138              		.cfi_remember_state
 139              		.cfi_def_cfa_offset 8
 140              		@ sp needed
 141 0018 10BD     		pop	{r4, pc}
 142              	.LVL5:
 143              	.L8:
 144              	.LCFI5:
 145              		.cfi_restore_state
  16:src/stm32f1xx_hal_msp.c ****         GPIO_InitStruct.Pin = GPIO_PIN_6|GPIO_PIN_7;
 146              		.loc 1 16 9 is_stmt 1 view .LVU28
 147              	.LBB5:
  16:src/stm32f1xx_hal_msp.c ****         GPIO_InitStruct.Pin = GPIO_PIN_6|GPIO_PIN_7;
 148              		.loc 1 16 9 view .LVU29
  16:src/stm32f1xx_hal_msp.c ****         GPIO_InitStruct.Pin = GPIO_PIN_6|GPIO_PIN_7;
ARM GAS  /tmp/cc2EK3jV.s 			page 4


 149              		.loc 1 16 9 view .LVU30
 150 001a 104C     		ldr	r4, .L9+4
 151 001c A369     		ldr	r3, [r4, #24]
 152 001e 43F00803 		orr	r3, r3, #8
 153 0022 A361     		str	r3, [r4, #24]
  16:src/stm32f1xx_hal_msp.c ****         GPIO_InitStruct.Pin = GPIO_PIN_6|GPIO_PIN_7;
 154              		.loc 1 16 9 view .LVU31
 155 0024 A369     		ldr	r3, [r4, #24]
 156 0026 03F00803 		and	r3, r3, #8
 157 002a 0093     		str	r3, [sp]
  16:src/stm32f1xx_hal_msp.c ****         GPIO_InitStruct.Pin = GPIO_PIN_6|GPIO_PIN_7;
 158              		.loc 1 16 9 view .LVU32
 159 002c 009B     		ldr	r3, [sp]
 160              	.LBE5:
  16:src/stm32f1xx_hal_msp.c ****         GPIO_InitStruct.Pin = GPIO_PIN_6|GPIO_PIN_7;
 161              		.loc 1 16 9 view .LVU33
  17:src/stm32f1xx_hal_msp.c ****         GPIO_InitStruct.Mode = GPIO_MODE_AF_OD;
 162              		.loc 1 17 9 view .LVU34
  17:src/stm32f1xx_hal_msp.c ****         GPIO_InitStruct.Mode = GPIO_MODE_AF_OD;
 163              		.loc 1 17 29 is_stmt 0 view .LVU35
 164 002e C023     		movs	r3, #192
 165 0030 0293     		str	r3, [sp, #8]
  18:src/stm32f1xx_hal_msp.c ****         GPIO_InitStruct.Speed = GPIO_SPEED_FREQ_HIGH;
 166              		.loc 1 18 9 is_stmt 1 view .LVU36
  18:src/stm32f1xx_hal_msp.c ****         GPIO_InitStruct.Speed = GPIO_SPEED_FREQ_HIGH;
 167              		.loc 1 18 30 is_stmt 0 view .LVU37
 168 0032 1223     		movs	r3, #18
 169 0034 0393     		str	r3, [sp, #12]
  19:src/stm32f1xx_hal_msp.c ****         HAL_GPIO_Init(GPIOB, &GPIO_InitStruct);
 170              		.loc 1 19 9 is_stmt 1 view .LVU38
  19:src/stm32f1xx_hal_msp.c ****         HAL_GPIO_Init(GPIOB, &GPIO_InitStruct);
 171              		.loc 1 19 31 is_stmt 0 view .LVU39
 172 0036 0323     		movs	r3, #3
 173 0038 0593     		str	r3, [sp, #20]
  20:src/stm32f1xx_hal_msp.c ****         __HAL_RCC_I2C1_CLK_ENABLE();
 174              		.loc 1 20 9 is_stmt 1 view .LVU40
 175 003a 02A9     		add	r1, sp, #8
 176 003c 0848     		ldr	r0, .L9+8
 177              	.LVL6:
  20:src/stm32f1xx_hal_msp.c ****         __HAL_RCC_I2C1_CLK_ENABLE();
 178              		.loc 1 20 9 is_stmt 0 view .LVU41
 179 003e FFF7FEFF 		bl	HAL_GPIO_Init
 180              	.LVL7:
  21:src/stm32f1xx_hal_msp.c ****     }
 181              		.loc 1 21 9 is_stmt 1 view .LVU42
 182              	.LBB6:
  21:src/stm32f1xx_hal_msp.c ****     }
 183              		.loc 1 21 9 view .LVU43
  21:src/stm32f1xx_hal_msp.c ****     }
 184              		.loc 1 21 9 view .LVU44
 185 0042 E369     		ldr	r3, [r4, #28]
 186 0044 43F40013 		orr	r3, r3, #2097152
 187 0048 E361     		str	r3, [r4, #28]
  21:src/stm32f1xx_hal_msp.c ****     }
 188              		.loc 1 21 9 view .LVU45
 189 004a E369     		ldr	r3, [r4, #28]
 190 004c 03F40013 		and	r3, r3, #2097152
ARM GAS  /tmp/cc2EK3jV.s 			page 5


 191 0050 0193     		str	r3, [sp, #4]
  21:src/stm32f1xx_hal_msp.c ****     }
 192              		.loc 1 21 9 view .LVU46
 193 0052 019B     		ldr	r3, [sp, #4]
 194              	.LBE6:
  21:src/stm32f1xx_hal_msp.c ****     }
 195              		.loc 1 21 9 view .LVU47
 196              		.loc 1 23 1 is_stmt 0 view .LVU48
 197 0054 DFE7     		b	.L5
 198              	.L10:
 199 0056 00BF     		.align	2
 200              	.L9:
 201 0058 00540040 		.word	1073763328
 202 005c 00100240 		.word	1073876992
 203 0060 000C0140 		.word	1073810432
 204              		.cfi_endproc
 205              	.LFE66:
 207              		.section	.text.HAL_I2C_MspDeInit,"ax",%progbits
 208              		.align	1
 209              		.global	HAL_I2C_MspDeInit
 210              		.syntax unified
 211              		.thumb
 212              		.thumb_func
 214              	HAL_I2C_MspDeInit:
 215              	.LVL8:
 216              	.LFB67:
  24:src/stm32f1xx_hal_msp.c **** 
  25:src/stm32f1xx_hal_msp.c **** void HAL_I2C_MspDeInit(I2C_HandleTypeDef* hi2c)
  26:src/stm32f1xx_hal_msp.c **** {
 217              		.loc 1 26 1 is_stmt 1 view -0
 218              		.cfi_startproc
 219              		@ args = 0, pretend = 0, frame = 0
 220              		@ frame_needed = 0, uses_anonymous_args = 0
  27:src/stm32f1xx_hal_msp.c ****     if(hi2c->Instance==I2C1)
 221              		.loc 1 27 5 view .LVU50
 222              		.loc 1 27 12 is_stmt 0 view .LVU51
 223 0000 0268     		ldr	r2, [r0]
 224              		.loc 1 27 7 view .LVU52
 225 0002 0A4B     		ldr	r3, .L18
 226 0004 9A42     		cmp	r2, r3
 227 0006 00D0     		beq	.L17
 228 0008 7047     		bx	lr
 229              	.L17:
  26:src/stm32f1xx_hal_msp.c ****     if(hi2c->Instance==I2C1)
 230              		.loc 1 26 1 view .LVU53
 231 000a 10B5     		push	{r4, lr}
 232              	.LCFI6:
 233              		.cfi_def_cfa_offset 8
 234              		.cfi_offset 4, -8
 235              		.cfi_offset 14, -4
  28:src/stm32f1xx_hal_msp.c ****     {
  29:src/stm32f1xx_hal_msp.c ****         __HAL_RCC_I2C1_CLK_DISABLE();
 236              		.loc 1 29 9 is_stmt 1 view .LVU54
 237 000c 084A     		ldr	r2, .L18+4
 238 000e D369     		ldr	r3, [r2, #28]
 239 0010 23F40013 		bic	r3, r3, #2097152
 240 0014 D361     		str	r3, [r2, #28]
ARM GAS  /tmp/cc2EK3jV.s 			page 6


  30:src/stm32f1xx_hal_msp.c ****         HAL_GPIO_DeInit(GPIOB, GPIO_PIN_6);
 241              		.loc 1 30 9 view .LVU55
 242 0016 074C     		ldr	r4, .L18+8
 243 0018 4021     		movs	r1, #64
 244 001a 2046     		mov	r0, r4
 245              	.LVL9:
 246              		.loc 1 30 9 is_stmt 0 view .LVU56
 247 001c FFF7FEFF 		bl	HAL_GPIO_DeInit
 248              	.LVL10:
  31:src/stm32f1xx_hal_msp.c ****         HAL_GPIO_DeInit(GPIOB, GPIO_PIN_7);
 249              		.loc 1 31 9 is_stmt 1 view .LVU57
 250 0020 8021     		movs	r1, #128
 251 0022 2046     		mov	r0, r4
 252 0024 FFF7FEFF 		bl	HAL_GPIO_DeInit
 253              	.LVL11:
  32:src/stm32f1xx_hal_msp.c ****     }
  33:src/stm32f1xx_hal_msp.c **** }
 254              		.loc 1 33 1 is_stmt 0 view .LVU58
 255 0028 10BD     		pop	{r4, pc}
 256              	.L19:
 257 002a 00BF     		.align	2
 258              	.L18:
 259 002c 00540040 		.word	1073763328
 260 0030 00100240 		.word	1073876992
 261 0034 000C0140 		.word	1073810432
 262              		.cfi_endproc
 263              	.LFE67:
 265              		.section	.text.HAL_UART_MspInit,"ax",%progbits
 266              		.align	1
 267              		.global	HAL_UART_MspInit
 268              		.syntax unified
 269              		.thumb
 270              		.thumb_func
 272              	HAL_UART_MspInit:
 273              	.LVL12:
 274              	.LFB68:
  34:src/stm32f1xx_hal_msp.c **** 
  35:src/stm32f1xx_hal_msp.c **** void HAL_UART_MspInit(UART_HandleTypeDef* huart)
  36:src/stm32f1xx_hal_msp.c **** {
 275              		.loc 1 36 1 is_stmt 1 view -0
 276              		.cfi_startproc
 277              		@ args = 0, pretend = 0, frame = 24
 278              		@ frame_needed = 0, uses_anonymous_args = 0
 279              		.loc 1 36 1 is_stmt 0 view .LVU60
 280 0000 30B5     		push	{r4, r5, lr}
 281              	.LCFI7:
 282              		.cfi_def_cfa_offset 12
 283              		.cfi_offset 4, -12
 284              		.cfi_offset 5, -8
 285              		.cfi_offset 14, -4
 286 0002 87B0     		sub	sp, sp, #28
 287              	.LCFI8:
 288              		.cfi_def_cfa_offset 40
  37:src/stm32f1xx_hal_msp.c ****     GPIO_InitTypeDef GPIO_InitStruct = {0};
 289              		.loc 1 37 5 is_stmt 1 view .LVU61
 290              		.loc 1 37 22 is_stmt 0 view .LVU62
 291 0004 0024     		movs	r4, #0
ARM GAS  /tmp/cc2EK3jV.s 			page 7


 292 0006 0294     		str	r4, [sp, #8]
 293 0008 0394     		str	r4, [sp, #12]
 294 000a 0494     		str	r4, [sp, #16]
 295 000c 0594     		str	r4, [sp, #20]
  38:src/stm32f1xx_hal_msp.c ****     __HAL_RCC_USART1_CLK_ENABLE();
 296              		.loc 1 38 5 is_stmt 1 view .LVU63
 297              	.LBB7:
 298              		.loc 1 38 5 view .LVU64
 299              		.loc 1 38 5 view .LVU65
 300 000e 194B     		ldr	r3, .L22
 301 0010 9A69     		ldr	r2, [r3, #24]
 302 0012 42F48042 		orr	r2, r2, #16384
 303 0016 9A61     		str	r2, [r3, #24]
 304              		.loc 1 38 5 view .LVU66
 305 0018 9A69     		ldr	r2, [r3, #24]
 306 001a 02F48042 		and	r2, r2, #16384
 307 001e 0092     		str	r2, [sp]
 308              		.loc 1 38 5 view .LVU67
 309 0020 009A     		ldr	r2, [sp]
 310              	.LBE7:
 311              		.loc 1 38 5 view .LVU68
  39:src/stm32f1xx_hal_msp.c ****     __HAL_RCC_GPIOA_CLK_ENABLE();
 312              		.loc 1 39 5 view .LVU69
 313              	.LBB8:
 314              		.loc 1 39 5 view .LVU70
 315              		.loc 1 39 5 view .LVU71
 316 0022 9A69     		ldr	r2, [r3, #24]
 317 0024 42F00402 		orr	r2, r2, #4
 318 0028 9A61     		str	r2, [r3, #24]
 319              		.loc 1 39 5 view .LVU72
 320 002a 9B69     		ldr	r3, [r3, #24]
 321 002c 03F00403 		and	r3, r3, #4
 322 0030 0193     		str	r3, [sp, #4]
 323              		.loc 1 39 5 view .LVU73
 324 0032 019B     		ldr	r3, [sp, #4]
 325              	.LBE8:
 326              		.loc 1 39 5 view .LVU74
  40:src/stm32f1xx_hal_msp.c ****     GPIO_InitStruct.Pin = GPIO_PIN_9;
 327              		.loc 1 40 5 view .LVU75
 328              		.loc 1 40 25 is_stmt 0 view .LVU76
 329 0034 4FF40073 		mov	r3, #512
 330 0038 0293     		str	r3, [sp, #8]
  41:src/stm32f1xx_hal_msp.c ****     GPIO_InitStruct.Mode = GPIO_MODE_AF_PP;
 331              		.loc 1 41 5 is_stmt 1 view .LVU77
 332              		.loc 1 41 26 is_stmt 0 view .LVU78
 333 003a 0223     		movs	r3, #2
 334 003c 0393     		str	r3, [sp, #12]
  42:src/stm32f1xx_hal_msp.c ****     GPIO_InitStruct.Speed = GPIO_SPEED_FREQ_HIGH;
 335              		.loc 1 42 5 is_stmt 1 view .LVU79
 336              		.loc 1 42 27 is_stmt 0 view .LVU80
 337 003e 0323     		movs	r3, #3
 338 0040 0593     		str	r3, [sp, #20]
  43:src/stm32f1xx_hal_msp.c ****     HAL_GPIO_Init(GPIOA, &GPIO_InitStruct);
 339              		.loc 1 43 5 is_stmt 1 view .LVU81
 340 0042 0D4D     		ldr	r5, .L22+4
 341 0044 02A9     		add	r1, sp, #8
 342 0046 2846     		mov	r0, r5
ARM GAS  /tmp/cc2EK3jV.s 			page 8


 343              	.LVL13:
 344              		.loc 1 43 5 is_stmt 0 view .LVU82
 345 0048 FFF7FEFF 		bl	HAL_GPIO_Init
 346              	.LVL14:
  44:src/stm32f1xx_hal_msp.c **** 
  45:src/stm32f1xx_hal_msp.c ****     GPIO_InitStruct.Pin = GPIO_PIN_10;
 347              		.loc 1 45 5 is_stmt 1 view .LVU83
 348              		.loc 1 45 25 is_stmt 0 view .LVU84
 349 004c 4FF48063 		mov	r3, #1024
 350 0050 0293     		str	r3, [sp, #8]
  46:src/stm32f1xx_hal_msp.c ****     GPIO_InitStruct.Mode = GPIO_MODE_INPUT;
 351              		.loc 1 46 5 is_stmt 1 view .LVU85
 352              		.loc 1 46 26 is_stmt 0 view .LVU86
 353 0052 0394     		str	r4, [sp, #12]
  47:src/stm32f1xx_hal_msp.c ****     GPIO_InitStruct.Pull = GPIO_NOPULL;
 354              		.loc 1 47 5 is_stmt 1 view .LVU87
 355              		.loc 1 47 26 is_stmt 0 view .LVU88
 356 0054 0494     		str	r4, [sp, #16]
  48:src/stm32f1xx_hal_msp.c ****     HAL_GPIO_Init(GPIOA, &GPIO_InitStruct);
 357              		.loc 1 48 5 is_stmt 1 view .LVU89
 358 0056 02A9     		add	r1, sp, #8
 359 0058 2846     		mov	r0, r5
 360 005a FFF7FEFF 		bl	HAL_GPIO_Init
 361              	.LVL15:
  49:src/stm32f1xx_hal_msp.c **** 
  50:src/stm32f1xx_hal_msp.c ****     HAL_NVIC_SetPriority(USART1_IRQn, 0, 0);
 362              		.loc 1 50 5 view .LVU90
 363 005e 2246     		mov	r2, r4
 364 0060 2146     		mov	r1, r4
 365 0062 2520     		movs	r0, #37
 366 0064 FFF7FEFF 		bl	HAL_NVIC_SetPriority
 367              	.LVL16:
  51:src/stm32f1xx_hal_msp.c ****     HAL_NVIC_EnableIRQ(USART1_IRQn);
 368              		.loc 1 51 5 view .LVU91
 369 0068 2520     		movs	r0, #37
 370 006a FFF7FEFF 		bl	HAL_NVIC_EnableIRQ
 371              	.LVL17:
  52:src/stm32f1xx_hal_msp.c **** }
 372              		.loc 1 52 1 is_stmt 0 view .LVU92
 373 006e 07B0     		add	sp, sp, #28
 374              	.LCFI9:
 375              		.cfi_def_cfa_offset 12
 376              		@ sp needed
 377 0070 30BD     		pop	{r4, r5, pc}
 378              	.L23:
 379 0072 00BF     		.align	2
 380              	.L22:
 381 0074 00100240 		.word	1073876992
 382 0078 00080140 		.word	1073809408
 383              		.cfi_endproc
 384              	.LFE68:
 386              		.section	.text.HAL_UART_MspDeInit,"ax",%progbits
 387              		.align	1
 388              		.global	HAL_UART_MspDeInit
 389              		.syntax unified
 390              		.thumb
 391              		.thumb_func
ARM GAS  /tmp/cc2EK3jV.s 			page 9


 393              	HAL_UART_MspDeInit:
 394              	.LVL18:
 395              	.LFB69:
  53:src/stm32f1xx_hal_msp.c **** 
  54:src/stm32f1xx_hal_msp.c **** void HAL_UART_MspDeInit(UART_HandleTypeDef* huart)
  55:src/stm32f1xx_hal_msp.c **** {
 396              		.loc 1 55 1 is_stmt 1 view -0
 397              		.cfi_startproc
 398              		@ args = 0, pretend = 0, frame = 0
 399              		@ frame_needed = 0, uses_anonymous_args = 0
 400              		.loc 1 55 1 is_stmt 0 view .LVU94
 401 0000 08B5     		push	{r3, lr}
 402              	.LCFI10:
 403              		.cfi_def_cfa_offset 8
 404              		.cfi_offset 3, -8
 405              		.cfi_offset 14, -4
  56:src/stm32f1xx_hal_msp.c ****     if(huart->Instance==USART1)
 406              		.loc 1 56 5 is_stmt 1 view .LVU95
 407              		.loc 1 56 13 is_stmt 0 view .LVU96
 408 0002 0268     		ldr	r2, [r0]
 409              		.loc 1 56 7 view .LVU97
 410 0004 074B     		ldr	r3, .L28
 411 0006 9A42     		cmp	r2, r3
 412 0008 00D0     		beq	.L27
 413              	.LVL19:
 414              	.L24:
  57:src/stm32f1xx_hal_msp.c ****     {
  58:src/stm32f1xx_hal_msp.c ****         __HAL_RCC_USART1_CLK_DISABLE();
  59:src/stm32f1xx_hal_msp.c ****         HAL_GPIO_DeInit(GPIOA, GPIO_PIN_9|GPIO_PIN_10);
  60:src/stm32f1xx_hal_msp.c ****     }
  61:src/stm32f1xx_hal_msp.c **** }
 415              		.loc 1 61 1 view .LVU98
 416 000a 08BD     		pop	{r3, pc}
 417              	.LVL20:
 418              	.L27:
  58:src/stm32f1xx_hal_msp.c ****         HAL_GPIO_DeInit(GPIOA, GPIO_PIN_9|GPIO_PIN_10);
 419              		.loc 1 58 9 is_stmt 1 view .LVU99
 420 000c 064A     		ldr	r2, .L28+4
 421 000e 9369     		ldr	r3, [r2, #24]
 422 0010 23F48043 		bic	r3, r3, #16384
 423 0014 9361     		str	r3, [r2, #24]
  59:src/stm32f1xx_hal_msp.c ****     }
 424              		.loc 1 59 9 view .LVU100
 425 0016 4FF4C061 		mov	r1, #1536
 426 001a 0448     		ldr	r0, .L28+8
 427              	.LVL21:
  59:src/stm32f1xx_hal_msp.c ****     }
 428              		.loc 1 59 9 is_stmt 0 view .LVU101
 429 001c FFF7FEFF 		bl	HAL_GPIO_DeInit
 430              	.LVL22:
 431              		.loc 1 61 1 view .LVU102
 432 0020 F3E7     		b	.L24
 433              	.L29:
 434 0022 00BF     		.align	2
 435              	.L28:
 436 0024 00380140 		.word	1073821696
 437 0028 00100240 		.word	1073876992
ARM GAS  /tmp/cc2EK3jV.s 			page 10


 438 002c 00080140 		.word	1073809408
 439              		.cfi_endproc
 440              	.LFE69:
 442              		.text
 443              	.Letext0:
 444              		.file 2 "/home/nazar/gcc-arm/arm-none-eabi/include/machine/_default_types.h"
 445              		.file 3 "/home/nazar/gcc-arm/arm-none-eabi/include/sys/_stdint.h"
 446              		.file 4 "drivers/CMSIS/Device/ST/STM32F1xx/Include/stm32f103xb.h"
 447              		.file 5 "drivers/STM32F1xx_HAL_Driver/Inc/stm32f1xx_hal_def.h"
 448              		.file 6 "drivers/STM32F1xx_HAL_Driver/Inc/stm32f1xx_hal_gpio.h"
 449              		.file 7 "drivers/STM32F1xx_HAL_Driver/Inc/stm32f1xx_hal_dma.h"
 450              		.file 8 "drivers/STM32F1xx_HAL_Driver/Inc/stm32f1xx_hal_i2c.h"
 451              		.file 9 "drivers/STM32F1xx_HAL_Driver/Inc/stm32f1xx_hal_uart.h"
 452              		.file 10 "drivers/STM32F1xx_HAL_Driver/Inc/stm32f1xx_hal_cortex.h"
ARM GAS  /tmp/cc2EK3jV.s 			page 11


DEFINED SYMBOLS
                            *ABS*:0000000000000000 stm32f1xx_hal_msp.c
     /tmp/cc2EK3jV.s:18     .text.HAL_MspInit:0000000000000000 $t
     /tmp/cc2EK3jV.s:24     .text.HAL_MspInit:0000000000000000 HAL_MspInit
     /tmp/cc2EK3jV.s:91     .text.HAL_MspInit:000000000000003c $d
     /tmp/cc2EK3jV.s:97     .text.HAL_I2C_MspInit:0000000000000000 $t
     /tmp/cc2EK3jV.s:103    .text.HAL_I2C_MspInit:0000000000000000 HAL_I2C_MspInit
     /tmp/cc2EK3jV.s:201    .text.HAL_I2C_MspInit:0000000000000058 $d
     /tmp/cc2EK3jV.s:208    .text.HAL_I2C_MspDeInit:0000000000000000 $t
     /tmp/cc2EK3jV.s:214    .text.HAL_I2C_MspDeInit:0000000000000000 HAL_I2C_MspDeInit
     /tmp/cc2EK3jV.s:259    .text.HAL_I2C_MspDeInit:000000000000002c $d
     /tmp/cc2EK3jV.s:266    .text.HAL_UART_MspInit:0000000000000000 $t
     /tmp/cc2EK3jV.s:272    .text.HAL_UART_MspInit:0000000000000000 HAL_UART_MspInit
     /tmp/cc2EK3jV.s:381    .text.HAL_UART_MspInit:0000000000000074 $d
     /tmp/cc2EK3jV.s:387    .text.HAL_UART_MspDeInit:0000000000000000 $t
     /tmp/cc2EK3jV.s:393    .text.HAL_UART_MspDeInit:0000000000000000 HAL_UART_MspDeInit
     /tmp/cc2EK3jV.s:436    .text.HAL_UART_MspDeInit:0000000000000024 $d

UNDEFINED SYMBOLS
HAL_GPIO_Init
HAL_GPIO_DeInit
HAL_NVIC_SetPriority
HAL_NVIC_EnableIRQ
